Association requested from 127.0.0.1:50292
C-FIND request received: (0008, 0005) Specific Character Set              CS: ''
(0008, 0020) Study Date                          DA: ''
(0008, 0030) Study Time                          TM: ''
(0008, 0050) Accession Number                    SH: ''
(0008, 0052) Query/Retrieve Level                CS: 'STUDY'
(0008, 0060) Modality                            CS: ''
(0008, 0061) Modalities in Study                 CS: ''
(0008, 0080) Institution Name                    LO: ''
(0008, 0090) Referring Physician's Name          PN: ''
(0008, 1030) Study Description                   LO: ''
(0010, 0010) Patient's Name                      PN: ''
(0010, 0020) Patient ID                          LO: ''
(0010, 0030) Patient's Birth Date                DA: ''
(0010, 0040) Patient's Sex                       CS: ''
(0020, 000d) Study Instance UID                  UI: ''
(0020, 0010) Study ID                            SH: ''
(0020, 1208) Number of Study Related Instances   IS: None
Association requested from 127.0.0.1:50292
Association released from 127.0.0.1:50292
Association requested from 127.0.0.1:59322
C-FIND request received: (0008, 0005) Specific Character Set              CS: ''
(0008, 0020) Study Date                          DA: ''
(0008, 0030) Study Time                          TM: ''
(0008, 0050) Accession Number                    SH: ''
(0008, 0052) Query/Retrieve Level                CS: 'STUDY'
(0008, 0060) Modality                            CS: ''
(0008, 0061) Modalities in Study                 CS: ''
(0008, 0080) Institution Name                    LO: ''
(0008, 0090) Referring Physician's Name          PN: ''
(0008, 1030) Study Description                   LO: ''
(0010, 0010) Patient's Name                      PN: ''
(0010, 0020) Patient ID                          LO: 'NOID'
(0010, 0030) Patient's Birth Date                DA: ''
(0010, 0040) Patient's Sex                       CS: ''
(0020, 000d) Study Instance UID                  UI: ''
(0020, 0010) Study ID                            SH: ''
(0020, 1208) Number of Study Related Instances   IS: None
Association requested from 127.0.0.1:59322
Association released from 127.0.0.1:59322
Association requested from 127.0.0.1:59338
C-FIND request received: (0008, 0005) Specific Character Set              CS: ''
(0008, 0021) Series Date                         DA: ''
(0008, 0031) Series Time                         TM: ''
(0008, 0050) Accession Number                    SH: ''
(0008, 0052) Query/Retrieve Level                CS: 'SERIES'
(0008, 0060) Modality                            CS: ''
(0008, 0080) Institution Name                    LO: ''
(0008, 0090) Referring Physician's Name          PN: ''
(0008, 103e) Series Description                  LO: ''
(0010, 0010) Patient's Name                      PN: ''
(0010, 0020) Patient ID                          LO: 'NOID'
(0010, 0030) Patient's Birth Date                DA: ''
(0010, 0040) Patient's Sex                       CS: ''
(0020, 000d) Study Instance UID                  UI: ''
(0020, 000e) Series Instance UID                 UI: ''
(0020, 0010) Study ID                            SH: ''
(0020, 0011) Series Number                       IS: None
(0020, 1209) Number of Series Related Instances  IS: None
Association requested from 127.0.0.1:59338
Association released from 127.0.0.1:59338
Association requested from 127.0.0.1:59346
C-FIND request received: (0008, 0005) Specific Character Set              CS: ''
(0008, 0021) Series Date                         DA: ''
(0008, 0031) Series Time                         TM: ''
(0008, 0050) Accession Number                    SH: ''
(0008, 0052) Query/Retrieve Level                CS: 'SERIES'
(0008, 0060) Modality                            CS: ''
(0008, 0080) Institution Name                    LO: ''
(0008, 0090) Referring Physician's Name          PN: ''
(0008, 103e) Series Description                  LO: ''
(0010, 0010) Patient's Name                      PN: ''
(0010, 0020) Patient ID                          LO: 'NOID'
(0010, 0030) Patient's Birth Date                DA: ''
(0010, 0040) Patient's Sex                       CS: ''
(0020, 000d) Study Instance UID                  UI: ''
(0020, 000e) Series Instance UID                 UI: ''
(0020, 0010) Study ID                            SH: ''
(0020, 0011) Series Number                       IS: None
(0020, 1209) Number of Series Related Instances  IS: None
Association requested from 127.0.0.1:59346
Association released from 127.0.0.1:59346
Association requested from 127.0.0.1:59362
